# JRE version: OpenJDK Runtime Environment (8.0_152-b06) (build 1.8.0_152-release-1136-b06)
# Java VM: OpenJDK 64-Bit Server VM (25.152-b06 mixed mode windows-amd64 compressed oops)
Heap:
 PSYoungGen      total 80384K, used 43876K [0x00000000e0000000, 0x00000000e6680000, 0x0000000100000000)
  eden space 64512K, 43% used [0x00000000e0000000,0x00000000e1b59ce8,0x00000000e3f00000)
  from space 15872K, 99% used [0x00000000e5100000,0x00000000e607f500,0x00000000e6080000)
  to   space 18432K, 0% used [0x00000000e3f00000,0x00000000e3f00000,0x00000000e5100000)
 ParOldGen       total 73216K, used 16320K [0x00000000a0000000, 0x00000000a4780000, 0x00000000e0000000)
  object space 73216K, 22% used [0x00000000a0000000,0x00000000a0ff0358,0x00000000a4780000)
 Metaspace       used 56509K, capacity 58260K, committed 58584K, reserved 1099776K
  class space    used 7683K, capacity 8103K, committed 8192K, reserved 1048576K
GC Heap History (10 events):
Event: 44.977 GC heap before
{Heap before GC invocations=14 (full 2):
 PSYoungGen      total 41472K, used 34529K [0x00000000e0000000, 0x00000000e3c00000, 0x0000000100000000)
  eden space 30208K, 100% used [0x00000000e0000000,0x00000000e1d80000,0x00000000e1d80000)
  from space 11264K, 38% used [0x00000000e1d80000,0x00000000e21b8780,0x00000000e2880000)
  to   space 11264K, 0% used [0x00000000e3100000,0x00000000e3100000,0x00000000e3c00000)
 ParOldGen       total 73216K, used 14633K [0x00000000a0000000, 0x00000000a4780000, 0x00000000e0000000)
  object space 73216K, 19% used [0x00000000a0000000,0x00000000a0e4a6c8,0x00000000a4780000)
 Metaspace       used 39346K, capacity 40204K, committed 40408K, reserved 1083392K
  class space    used 5335K, capacity 5627K, committed 5632K, reserved 1048576K
Event: 44.995 GC heap after
Heap after GC invocations=14 (full 2):
 PSYoungGen      total 50176K, used 7654K [0x00000000e0000000, 0x00000000e3d00000, 0x0000000100000000)
  eden space 38912K, 0% used [0x00000000e0000000,0x00000000e0000000,0x00000000e2600000)
  from space 11264K, 67% used [0x00000000e3100000,0x00000000e38799d8,0x00000000e3c00000)
  to   space 11264K, 0% used [0x00000000e2600000,0x00000000e2600000,0x00000000e3100000)
 ParOldGen       total 73216K, used 14641K [0x00000000a0000000, 0x00000000a4780000, 0x00000000e0000000)
  object space 73216K, 19% used [0x00000000a0000000,0x00000000a0e4c6c8,0x00000000a4780000)
 Metaspace       used 39346K, capacity 40204K, committed 40408K, reserved 1083392K
  class space    used 5335K, capacity 5627K, committed 5632K, reserved 1048576K
}
Event: 48.888 GC heap before
{Heap before GC invocations=15 (full 2):
 PSYoungGen      total 50176K, used 46566K [0x00000000e0000000, 0x00000000e3d00000, 0x0000000100000000)
  eden space 38912K, 100% used [0x00000000e0000000,0x00000000e2600000,0x00000000e2600000)
  from space 11264K, 67% used [0x00000000e3100000,0x00000000e38799d8,0x00000000e3c00000)
  to   space 11264K, 0% used [0x00000000e2600000,0x00000000e2600000,0x00000000e3100000)
 ParOldGen       total 73216K, used 14641K [0x00000000a0000000, 0x00000000a4780000, 0x00000000e0000000)
  object space 73216K, 19% used [0x00000000a0000000,0x00000000a0e4c6c8,0x00000000a4780000)
 Metaspace       used 45016K, capacity 45932K, committed 46040K, reserved 1089536K
  class space    used 6079K, capacity 6373K, committed 6400K, reserved 1048576K
Event: 48.917 GC heap after
Heap after GC invocations=15 (full 2):
 PSYoungGen      total 50176K, used 10157K [0x00000000e0000000, 0x00000000e4a00000, 0x0000000100000000)
  eden space 38912K, 0% used [0x00000000e0000000,0x00000000e0000000,0x00000000e2600000)
  from space 11264K, 90% used [0x00000000e2600000,0x00000000e2feb458,0x00000000e3100000)
  to   space 12288K, 0% used [0x00000000e3e00000,0x00000000e3e00000,0x00000000e4a00000)
 ParOldGen       total 73216K, used 14713K [0x00000000a0000000, 0x00000000a4780000, 0x00000000e0000000)
  object space 73216K, 20% used [0x00000000a0000000,0x00000000a0e5e6d8,0x00000000a4780000)
 Metaspace       used 45016K, capacity 45932K, committed 46040K, reserved 1089536K
  class space    used 6079K, capacity 6373K, committed 6400K, reserved 1048576K
}
Event: 51.693 GC heap before
{Heap before GC invocations=16 (full 2):
 PSYoungGen      total 50176K, used 49069K [0x00000000e0000000, 0x00000000e4a00000, 0x0000000100000000)
  eden space 38912K, 100% used [0x00000000e0000000,0x00000000e2600000,0x00000000e2600000)
  from space 11264K, 90% used [0x00000000e2600000,0x00000000e2feb458,0x00000000e3100000)
  to   space 12288K, 0% used [0x00000000e3e00000,0x00000000e3e00000,0x00000000e4a00000)
 ParOldGen       total 73216K, used 14713K [0x00000000a0000000, 0x00000000a4780000, 0x00000000e0000000)
  object space 73216K, 20% used [0x00000000a0000000,0x00000000a0e5e6d8,0x00000000a4780000)
 Metaspace       used 47374K, capacity 48496K, committed 48728K, reserved 1091584K
  class space    used 6390K, capacity 6711K, committed 6784K, reserved 1048576K
Event: 51.726 GC heap after
Heap after GC invocations=16 (full 2):
 PSYoungGen      total 61952K, used 11691K [0x00000000e0000000, 0x00000000e4e00000, 0x0000000100000000)
  eden space 49664K, 0% used [0x00000000e0000000,0x00000000e0000000,0x00000000e3080000)
  from space 12288K, 95% used [0x00000000e3e00000,0x00000000e496ad28,0x00000000e4a00000)
  to   space 13824K, 0% used [0x00000000e3080000,0x00000000e3080000,0x00000000e3e00000)
 ParOldGen       total 73216K, used 14713K [0x00000000a0000000, 0x00000000a4780000, 0x00000000e0000000)
  object space 73216K, 20% used [0x00000000a0000000,0x00000000a0e5e6d8,0x00000000a4780000)
 Metaspace       used 47374K, capacity 48496K, committed 48728K, reserved 1091584K
  class space    used 6390K, capacity 6711K, committed 6784K, reserved 1048576K
}
Event: 55.489 GC heap before
{Heap before GC invocations=17 (full 2):
 PSYoungGen      total 61952K, used 61355K [0x00000000e0000000, 0x00000000e4e00000, 0x0000000100000000)
  eden space 49664K, 100% used [0x00000000e0000000,0x00000000e3080000,0x00000000e3080000)
  from space 12288K, 95% used [0x00000000e3e00000,0x00000000e496ad28,0x00000000e4a00000)
  to   space 13824K, 0% used [0x00000000e3080000,0x00000000e3080000,0x00000000e3e00000)
 ParOldGen       total 73216K, used 14713K [0x00000000a0000000, 0x00000000a4780000, 0x00000000e0000000)
  object space 73216K, 20% used [0x00000000a0000000,0x00000000a0e5e6d8,0x00000000a4780000)
 Metaspace       used 50872K, capacity 52492K, committed 52696K, reserved 1095680K
  class space    used 6953K, capacity 7341K, committed 7424K, reserved 1048576K
Event: 55.532 GC heap after
Heap after GC invocations=17 (full 2):
 PSYoungGen      total 63488K, used 13806K [0x00000000e0000000, 0x00000000e6080000, 0x0000000100000000)
  eden space 49664K, 0% used [0x00000000e0000000,0x00000000e0000000,0x00000000e3080000)
  from space 13824K, 99% used [0x00000000e3080000,0x00000000e3dfbb20,0x00000000e3e00000)
  to   space 15872K, 0% used [0x00000000e5100000,0x00000000e5100000,0x00000000e6080000)
 ParOldGen       total 73216K, used 15580K [0x00000000a0000000, 0x00000000a4780000, 0x00000000e0000000)
  object space 73216K, 21% used [0x00000000a0000000,0x00000000a0f37088,0x00000000a4780000)
 Metaspace       used 50872K, capacity 52492K, committed 52696K, reserved 1095680K
  class space    used 6953K, capacity 7341K, committed 7424K, reserved 1048576K
}
Event: 61.712 GC heap before
{Heap before GC invocations=18 (full 2):
 PSYoungGen      total 63488K, used 63470K [0x00000000e0000000, 0x00000000e6080000, 0x0000000100000000)
  eden space 49664K, 100% used [0x00000000e0000000,0x00000000e3080000,0x00000000e3080000)
  from space 13824K, 99% used [0x00000000e3080000,0x00000000e3dfbb20,0x00000000e3e00000)
  to   space 15872K, 0% used [0x00000000e5100000,0x00000000e5100000,0x00000000e6080000)
 ParOldGen       total 73216K, used 15580K [0x00000000a0000000, 0x00000000a4780000, 0x00000000e0000000)
  object space 73216K, 21% used [0x00000000a0000000,0x00000000a0f37088,0x00000000a4780000)
 Metaspace       used 52659K, capacity 54400K, committed 54744K, reserved 1095680K
  class space    used 7164K, capacity 7583K, committed 7680K, reserved 1048576K
Event: 61.797 GC heap after
Heap after GC invocations=18 (full 2):
 PSYoungGen      total 80384K, used 15869K [0x00000000e0000000, 0x00000000e6680000, 0x0000000100000000)
  eden space 64512K, 0% used [0x00000000e0000000,0x00000000e0000000,0x00000000e3f00000)
  from space 15872K, 99% used [0x00000000e5100000,0x00000000e607f500,0x00000000e6080000)
  to   space 18432K, 0% used [0x00000000e3f00000,0x00000000e3f00000,0x00000000e5100000)
 ParOldGen       total 73216K, used 16320K [0x00000000a0000000, 0x00000000a4780000, 0x00000000e0000000)
  object space 73216K, 22% used [0x00000000a0000000,0x00000000a0ff0358,0x00000000a4780000)
 Metaspace       used 52659K, capacity 54400K, committed 54744K, reserved 1095680K
  class space    used 7164K, capacity 7583K, committed 7680K, reserved 1048576K
}

